2018-01-01 11:57:57,673 INFO Tote.Controllers.NavigationController - Controller: Navigation, Action: List
2018-01-01 11:59:36,609 INFO Tote.Controllers.LoginController - user: admin login
2018-01-01 11:59:36,991 INFO Tote.Controllers.NavigationController - Controller: Navigation, Action: List
2018-01-01 11:59:46,310 INFO Tote.Controllers.UserController - Controller: User, Action: ShowUserProfile User:admin
2018-01-01 12:00:19,707 INFO Tote.Controllers.MatchController - Controller: Match, Action: ShowMatches
2018-01-01 12:00:23,767 INFO Tote.Controllers.MatchController - Controller: Match, Action: EditMatch
2018-01-01 12:00:36,342 INFO Tote.Controllers.UserController - Controller: User, Action: ShowUserProfile User:admin
2018-01-01 12:00:40,425 INFO Tote.Controllers.SortController - Controller: Sort, Action: ShowBetsByRate User:admin
2018-01-01 12:00:58,790 INFO Tote.Controllers.MatchController - Controller: Match, Action: ShowMatches
2018-01-01 12:02:05,152 INFO Tote.Controllers.UserController - Controller: User, Action: ShowUserProfile User:admin
2018-01-01 12:02:08,831 INFO Tote.Controllers.SortController - Controller: Sort, Action: ShowBetsByRate User:admin
2018-01-01 12:02:13,871 INFO Tote.Controllers.MatchController - Controller: Match, Action: ShowMatches
2018-01-01 12:02:16,735 INFO Tote.Controllers.MatchController - Controller: Match, Action: EditMatch
2018-01-01 12:02:23,392 INFO Tote.Controllers.MatchController - Controller: Match, Action: ShowMatches
2018-01-01 12:02:29,316 INFO Tote.Controllers.UserController - Controller: User, Action: ShowUserProfile User:admin
2018-01-01 12:02:32,435 INFO Tote.Controllers.SortController - Controller: Sort, Action: ShowBetsByRate User:admin
2018-01-01 12:03:11,221 INFO Tote.Controllers.UserController - Controller: User, Action: ShowUserProfile User:admin
2018-01-01 12:03:25,901 INFO Tote.Controllers.MatchController - Controller: Match, Action: ShowMatches
2018-01-01 12:03:28,752 INFO Tote.Controllers.MatchController - Controller: Match, Action: EditMatch
2018-01-01 12:03:39,162 INFO Tote.Controllers.MatchController - Controller: Match, Action: ShowMatches
2018-01-01 12:03:42,732 INFO Tote.Controllers.UserController - Controller: User, Action: ShowUserProfile User:admin
2018-01-01 12:10:56,987 INFO Tote.Controllers.SortController - Controller: Sort, Action: ShowBetsByRate User:admin
2018-01-01 12:11:01,594 INFO Tote.Controllers.MatchController - Controller: Match, Action: ShowMatches
2018-01-01 12:11:04,327 INFO Tote.Controllers.MatchController - Controller: Match, Action: EditMatch
2018-01-01 12:11:13,218 INFO Tote.Controllers.MatchController - Controller: Match, Action: ShowMatches
2018-01-01 12:11:17,192 INFO Tote.Controllers.UserController - Controller: User, Action: ShowUserProfile User:admin
2018-01-01 12:28:06,451 INFO Tote.Controllers.MatchController - Controller: Match, Action: ShowMatches
2018-01-01 12:28:15,447 INFO Tote.Controllers.MatchController - Controller: Match, Action: ShowMatches
2018-01-01 12:28:17,672 INFO Tote.Controllers.MatchController - Controller: Match, Action: EditMatch
2018-01-01 12:28:25,490 INFO Tote.Controllers.MatchController - Controller: Match, Action: ShowMatches
2018-01-01 12:28:31,964 INFO Tote.Controllers.UserController - Controller: User, Action: ShowUserProfile User:admin
2018-01-01 12:29:50,818 INFO Tote.Controllers.MatchController - Controller: Match, Action: ShowMatches
2018-01-01 12:29:54,706 INFO Tote.Controllers.MatchController - Controller: Match, Action: EditMatch
2018-01-01 12:30:01,991 INFO Tote.Controllers.MatchController - Controller: Match, Action: ShowMatches
2018-01-01 12:30:03,545 INFO Tote.Controllers.SortController - Controller: Sort, Action: ShowBasket User:admin
2018-01-01 12:30:04,392 INFO Tote.Controllers.UserController - Controller: User, Action: ShowUserProfile User:admin
2018-01-01 12:30:24,415 INFO Tote.Controllers.MatchController - Controller: Match, Action: ShowMatches
2018-01-01 12:30:27,529 INFO Tote.Controllers.MatchController - Controller: Match, Action: EditMatch
2018-01-01 12:30:35,586 INFO Tote.Controllers.MatchController - Controller: Match, Action: ShowMatches
2018-01-01 12:30:37,228 INFO Tote.Controllers.UserController - Controller: User, Action: ShowUserProfile User:admin
